  stdafx.cpp
  test_system.cpp
  Topic_lib.cpp
  正在生成代码...
  LINK : 没有找到 C:\Users\lianlian\Documents\GitHub\test_system\Debug\test_system.exe 或上一个增量链接没有生成它；正在执行完全链接
test_system.obj : error LNK2005: "struct st_mysql m_sqlCon" (?m_sqlCon@@3Ust_mysql@@A) 已经在 stdafx.obj 中定义
test_system.obj : error LNK2019: 无法解析的外部符号 _mysql_init@4，该符号在函数 _main 中被引用
test_system.obj : error LNK2019: 无法解析的外部符号 _mysql_real_connect@32，该符号在函数 _main 中被引用
libmysql.lib : warning LNK4272: 库计算机类型“x64”与目标计算机类型“x86”冲突
C:\Users\lianlian\Documents\GitHub\test_system\Debug\test_system.exe : fatal error LNK1120: 2 个无法解析的外部命令
